C51 COMPILER V9.57.0.0   FICHIER                                                           02/03/2018 17:53:47 PAGE 1   


C51 COMPILER V9.57.0.0, COMPILATION OF MODULE FICHIER
OBJECT MODULE PLACED IN .\Objects\fichier.obj
COMPILER INVOKED BY: C:\Keil_v5\C51\BIN\C51.EXE fichier.c OPTIMIZE(8,SPEED) BROWSE DEBUG OBJECTEXTEND PRINT(.\Listings\f
                    -ichier.lst) TABS(2) OBJECT(.\Objects\fichier.obj)

line level    source

   1          #include <AT89X51.H>
   2          //Include file for 8051
   3          #define keyport P0  //keypad connected to P2
   4          #define col1 P0_0 //column 1
   5          #define col2 P0_1 //column 2
   6          #define col3 P0_2 //column 3
   7          #define col4 P0_3 //column 4
   8          
   9          #define row1 P0_4 //ligne 1
  10          #define row2 P0_5 //ligne 2
  11          #define row3 P0_6 //ligne 3
  12          #define row4 P0_7 //ligne 4
  13          
  14          #define TRUE 1    //some defines
  15          #define FALSE 0
  16          const char a[]={0xC0,0xF9,0xA4,0xB0,0x99,0x92,0x82,0xF8,0x80,0x90};
  17          
  18          /*
  19          +---------------------------------------+
  20          | Prototype: void key_init(void);       |
  21          | Return Type: void                     |
  22          | Arguments: None                       |
  23          | Description: Initialize ports and     |
  24          |              Keypad.                  |
  25          +---------------------------------------+
  26          */
  27          void key_init(){
  28   1        keyport &=0x0F; //make Rows as o/p and cols are i/p
  29   1      }
  30           
  31          /*
  32          +-----------------------------------------------+
  33          | Prototype: unsigned char get_key(void);       |
  34          | Return Type: unsigned char                    |
  35          | Arguments: None                               |
  36          | Description: To read key from the keypad      |
  37          +-----------------------------------------------+
  38          */
  39          unsigned char get_key(){
  40   1        unsigned char i,k,key=0;
  41   1        
  42   1        k=0;
  43   1            
  44   1        for(i=0;i<5;i++){   //loop for 4 rows
  45   2          keyport &=~(0x80>>i); //to make rows low 1 by 1
  46   2          if(i==0) {
  47   3              if(!col1){  //check if key1 is pressed
  48   4                return (-1);  //return key number
  49   4              }
  50   3              if(!col2){  //check if key2 is pressed
  51   4                key = k+0;  //set key number
  52   4                while(!col2); //wait for release
  53   4                return key; //return key number
  54   4              }
C51 COMPILER V9.57.0.0   FICHIER                                                           02/03/2018 17:53:47 PAGE 2   

  55   3              if(!col3){  //check if key3 is pressed
  56   4                return (-1);  //return key number
  57   4              }
  58   3              
  59   3              k+=1;
  60   3            }
  61   2            
  62   2          else {
  63   3            if(!col1){  //check if key1 is pressed
  64   4              key = k+0;  //set key number
  65   4              while(!col1); //wait for release
  66   4              return key; //return key number
  67   4            }
  68   3            if(!col2){  //check if key2 is pressed
  69   4              key = k+1;  //set key number
  70   4              while(!col2); //wait for release
  71   4              return key; //return key number
  72   4            }
  73   3            if(!col3){  //check if key3 is pressed
  74   4              key = k+2;  //set key number
  75   4              while(!col3); //wait for release
  76   4              return key; //return key number
  77   4            }
  78   3            
  79   3          k+=3; 
  80   3          
  81   3          }
  82   2          keyport |= 0x80>>i; //make the row high again
  83   2      }
  84   1        return (-1);      //return false if no key pressed
  85   1      }
  86          
  87          void main(void){
  88   1          unsigned char key,de,un;
  89   1          unsigned int compteur=0;
  90   1          
  91   1          key_init();
  92   1          while (1) {
  93   2              key = get_key();
  94   2            
  95   2      if(key!=(-1)) {
  96   3        if(compteur%2==0) P1=a[key];
  97   3        if(compteur%2==1) P3=a[key];
  98   3      
  99   3        compteur++;
 100   3      }     
 101   2      
 102   2              }
 103   1      
 104   1      }
*** WARNING C280 IN LINE 88 OF fichier.c: 'de': unreferenced local variable
*** WARNING C280 IN LINE 88 OF fichier.c: 'un': unreferenced local variable


MODULE INFORMATION:   STATIC OVERLAYABLE
   CODE SIZE        =    137    ----
   CONSTANT SIZE    =   ----    ----
   XDATA SIZE       =   ----    ----
   PDATA SIZE       =   ----    ----
   DATA SIZE        =     10       2
   IDATA SIZE       =   ----    ----
   BIT SIZE         =   ----    ----
C51 COMPILER V9.57.0.0   FICHIER                                                           02/03/2018 17:53:47 PAGE 3   

END OF MODULE INFORMATION.


C51 COMPILATION COMPLETE.  2 WARNING(S),  0 ERROR(S)
